2025-05-16 22:40:10,463 - INFO - Application shutting down
2025-05-18 12:31:10,876 - INFO - Application shutting down
2025-05-18 16:09:53,571 - INFO - Application shutting down
2025-05-18 16:30:42,923 - INFO - Application shutting down
2025-05-18 17:00:39,167 - INFO - Application shutting down
2025-05-18 17:01:57,346 - INFO - Application shutting down
2025-05-18 17:33:47,051 - INFO - Application shutting down
2025-05-18 17:38:06,214 - INFO - Application shutting down
2025-05-18 17:41:23,488 - INFO - Loaded module class: CLIDiagnosticsModule for Command Line Network Diagnostics
2025-05-18 17:41:29,351 - INFO - Loaded module class: NetworkFileSharingModule for Network File Sharing & Mapping
2025-05-18 17:41:55,934 - INFO - Loaded module class: BackupRestoreModule for Backup/Restore Operations
2025-05-18 17:43:56,484 - INFO - Loaded module class: NetworkFileSharingModule for Network File Sharing & Mapping
2025-05-18 17:44:08,710 - INFO - Loaded module class: CLIDiagnosticsModule for Command Line Network Diagnostics
2025-05-18 17:47:15,390 - INFO - Loaded fallback module class: BatchFileScriptingModule for Batch File Scripting
2025-05-18 17:49:45,487 - INFO - Loaded module class: RemoteAccessModule for Remote Access Configuration
2025-05-18 17:49:52,581 - INFO - Loaded module class: IPConfigurationModule for IP Address Configuration
2025-05-18 17:49:55,572 - INFO - Loaded fallback module class: BatchFileScriptingModule for Batch File Scripting
2025-05-18 17:50:03,261 - INFO - Loaded module class: NetworkFileSharingModule for Network File Sharing & Mapping
2025-05-18 17:52:14,203 - INFO - Loaded module class: PowerShellScriptingModule for PowerShell Scripting
2025-05-18 17:52:28,575 - INFO - Loaded module class: CLIDiagnosticsModule for Command Line Network Diagnostics
2025-05-18 17:52:38,750 - INFO - Loaded module class: NetworkFileSharingModule for Network File Sharing & Mapping
2025-05-18 17:58:48,517 - INFO - Loaded module class: IPConfigurationModule for IP Address Configuration
2025-05-18 18:01:58,373 - INFO - Loaded module class: NetworkFileSharingModule for Network File Sharing & Mapping
2025-05-18 18:05:06,475 - INFO - Loaded module class: NetworkFileSharingModule for Network File Sharing & Mapping
2025-05-18 19:34:51,909 - INFO - Loaded module class: CLIDiagnosticsModule for Command Line Network Diagnostics
2025-05-18 19:36:41,085 - INFO - Loaded fallback module class: HardDriveManagementModule for Hard Drive Management
2025-05-18 19:37:08,031 - INFO - Loaded module class: NetworkFileSharingModule for Network File Sharing & Mapping
2025-05-18 19:43:25,715 - INFO - Application shutting down
2025-05-18 19:48:37,838 - INFO - Loaded module class: NetworkFileSharingModule for Network File Sharing & Mapping
2025-05-18 19:49:21,053 - INFO - Application shutting down
2025-05-18 19:59:22,679 - INFO - Loaded module class: CLIDiagnosticsModule for Command Line Network Diagnostics
2025-05-18 20:00:10,327 - INFO - Loaded module class: PowerShellScriptingModule for PowerShell Scripting
2025-05-18 20:00:33,710 - INFO - Application shutting down
